{"name":"hexo","hostname":"OptiPlex","pid":8241,"level":20,"msg":"Hexo version: \u001b[35m3.2.0\u001b[39m","time":"2016-05-16T03:13:46.178Z","v":0}
{"name":"hexo","hostname":"OptiPlex","pid":8241,"level":20,"msg":"Working directory: \u001b[35m/mnt/main/dev/newhexo/\u001b[39m","time":"2016-05-16T03:13:46.184Z","v":0}
{"name":"hexo","hostname":"OptiPlex","pid":8241,"level":20,"msg":"Config loaded: \u001b[35m/mnt/main/dev/newhexo/_config.yml\u001b[39m","time":"2016-05-16T03:13:46.345Z","v":0}
{"name":"hexo","hostname":"OptiPlex","pid":8241,"level":20,"msg":"Script loaded: \u001b[35mthemes/hueman/scripts/excerpt.js\u001b[39m","time":"2016-05-16T03:13:46.371Z","v":0}
{"name":"hexo","hostname":"OptiPlex","pid":8241,"level":20,"msg":"Script loaded: \u001b[35mthemes/hueman/scripts/fancybox.js\u001b[39m","time":"2016-05-16T03:13:46.372Z","v":0}
{"name":"hexo","hostname":"OptiPlex","pid":8241,"level":20,"msg":"Script loaded: \u001b[35mthemes/hueman/scripts/meta.js\u001b[39m","time":"2016-05-16T03:13:46.374Z","v":0}
{"name":"hexo","hostname":"OptiPlex","pid":8241,"level":20,"msg":"Script loaded: \u001b[35mthemes/hueman/scripts/thumbnail.js\u001b[39m","time":"2016-05-16T03:13:46.375Z","v":0}
{"name":"hexo","hostname":"OptiPlex","pid":8241,"level":20,"msg":"Plugin loaded: \u001b[35mhexo-deployer-git\u001b[39m","time":"2016-05-16T03:13:46.382Z","v":0}
{"name":"hexo","hostname":"OptiPlex","pid":8241,"level":20,"msg":"Plugin loaded: \u001b[35mhexo-generator-archive\u001b[39m","time":"2016-05-16T03:13:46.389Z","v":0}
{"name":"hexo","hostname":"OptiPlex","pid":8241,"level":20,"msg":"Plugin loaded: \u001b[35mhexo-generator-category\u001b[39m","time":"2016-05-16T03:13:46.392Z","v":0}
{"name":"hexo","hostname":"OptiPlex","pid":8241,"level":20,"msg":"Plugin loaded: \u001b[35mhexo-generator-index\u001b[39m","time":"2016-05-16T03:13:46.396Z","v":0}
{"name":"hexo","hostname":"OptiPlex","pid":8241,"level":20,"msg":"Plugin loaded: \u001b[35mhexo-generator-json-content\u001b[39m","time":"2016-05-16T03:13:46.443Z","v":0}
{"name":"hexo","hostname":"OptiPlex","pid":8241,"level":20,"msg":"Plugin loaded: \u001b[35mhexo-generator-tag\u001b[39m","time":"2016-05-16T03:13:46.445Z","v":0}
{"name":"hexo","hostname":"OptiPlex","pid":8241,"level":20,"msg":"Plugin loaded: \u001b[35mhexo-renderer-ejs\u001b[39m","time":"2016-05-16T03:13:46.450Z","v":0}
{"name":"hexo","hostname":"OptiPlex","pid":8241,"level":20,"msg":"Plugin loaded: \u001b[35mhexo-renderer-marked\u001b[39m","time":"2016-05-16T03:13:46.462Z","v":0}
{"name":"hexo","hostname":"OptiPlex","pid":8241,"level":20,"msg":"Plugin loaded: \u001b[35mhexo-renderer-stylus\u001b[39m","time":"2016-05-16T03:13:46.465Z","v":0}
{"name":"hexo","hostname":"OptiPlex","pid":8241,"level":20,"msg":"Plugin loaded: \u001b[35mhexo-server\u001b[39m","time":"2016-05-16T03:13:46.558Z","v":0}
{"name":"hexo","hostname":"OptiPlex","pid":8241,"level":20,"msg":"Loading database.","time":"2016-05-16T03:13:46.579Z","v":0}
{"name":"hexo","hostname":"OptiPlex","pid":8241,"level":30,"msg":"Start processing","time":"2016-05-16T03:13:46.608Z","v":0}
{"name":"hexo","hostname":"OptiPlex","pid":8241,"level":20,"msg":"Processed: \u001b[35msource/css/style.styl\u001b[39m","time":"2016-05-16T03:13:46.902Z","v":0}
{"name":"hexo","hostname":"OptiPlex","pid":8241,"level":20,"msg":"Processed: \u001b[35msource/js/insight.js\u001b[39m","time":"2016-05-16T03:13:46.902Z","v":0}
{"name":"hexo","hostname":"OptiPlex","pid":8241,"level":20,"msg":"Processed: \u001b[35msource/js/main.js\u001b[39m","time":"2016-05-16T03:13:46.903Z","v":0}
{"name":"hexo","hostname":"OptiPlex","pid":8241,"level":20,"msg":"Theme config loaded.","time":"2016-05-16T03:13:46.934Z","v":0}
{"name":"hexo","hostname":"OptiPlex","pid":8241,"level":20,"msg":"Processed: \u001b[35m_config.yml\u001b[39m","time":"2016-05-16T03:13:46.935Z","v":0}
{"name":"hexo","hostname":"OptiPlex","pid":8241,"level":20,"msg":"Processed: \u001b[35m_posts/debug.log\u001b[39m","time":"2016-05-16T03:13:46.991Z","v":0}
{"name":"hexo","hostname":"OptiPlex","pid":8241,"level":20,"msg":"Processed: \u001b[35msource/css/images/logo-header.png\u001b[39m","time":"2016-05-16T03:13:47.038Z","v":0}
{"name":"hexo","hostname":"OptiPlex","pid":8241,"level":20,"msg":"Processed: \u001b[35msource/css/images/opacity-10.png\u001b[39m","time":"2016-05-16T03:13:47.039Z","v":0}
{"name":"hexo","hostname":"OptiPlex","pid":8241,"level":20,"msg":"Processed: \u001b[35msource/css/images/s-left.png\u001b[39m","time":"2016-05-16T03:13:47.040Z","v":0}
{"name":"hexo","hostname":"OptiPlex","pid":8241,"level":20,"msg":"Processed: \u001b[35msource/css/images/thumb-default-small.png\u001b[39m","time":"2016-05-16T03:13:47.041Z","v":0}
{"name":"hexo","hostname":"OptiPlex","pid":8241,"level":20,"msg":"Processed: \u001b[35msource/css/images/thumb-default.png\u001b[39m","time":"2016-05-16T03:13:47.042Z","v":0}
{"name":"hexo","hostname":"OptiPlex","pid":8241,"level":20,"msg":"Processed: \u001b[35msource/vendor/fancybox/blank.gif\u001b[39m","time":"2016-05-16T03:13:47.044Z","v":0}
{"name":"hexo","hostname":"OptiPlex","pid":8241,"level":20,"msg":"Processed: \u001b[35msource/vendor/fancybox/fancybox_loading.gif\u001b[39m","time":"2016-05-16T03:13:47.045Z","v":0}
{"name":"hexo","hostname":"OptiPlex","pid":8241,"level":20,"msg":"Processed: \u001b[35msource/vendor/fancybox/fancybox_loading@2x.gif\u001b[39m","time":"2016-05-16T03:13:47.047Z","v":0}
{"name":"hexo","hostname":"OptiPlex","pid":8241,"level":20,"msg":"Processed: \u001b[35msource/vendor/fancybox/fancybox_overlay.png\u001b[39m","time":"2016-05-16T03:13:47.050Z","v":0}
{"name":"hexo","hostname":"OptiPlex","pid":8241,"level":20,"msg":"Processed: \u001b[35msource/vendor/fancybox/fancybox_sprite.png\u001b[39m","time":"2016-05-16T03:13:47.051Z","v":0}
{"name":"hexo","hostname":"OptiPlex","pid":8241,"level":20,"msg":"Processed: \u001b[35msource/vendor/fancybox/fancybox_sprite@2x.png\u001b[39m","time":"2016-05-16T03:13:47.052Z","v":0}
{"name":"hexo","hostname":"OptiPlex","pid":8241,"level":20,"msg":"Processed: \u001b[35msource/vendor/fancybox/jquery.fancybox.css\u001b[39m","time":"2016-05-16T03:13:47.053Z","v":0}
{"name":"hexo","hostname":"OptiPlex","pid":8241,"level":20,"msg":"Processed: \u001b[35msource/vendor/fancybox/jquery.fancybox.js\u001b[39m","time":"2016-05-16T03:13:47.053Z","v":0}
{"name":"hexo","hostname":"OptiPlex","pid":8241,"level":20,"msg":"Processed: \u001b[35msource/vendor/fancybox/jquery.fancybox.pack.js\u001b[39m","time":"2016-05-16T03:13:47.055Z","v":0}
{"name":"hexo","hostname":"OptiPlex","pid":8241,"level":20,"msg":"Processed: \u001b[35msource/vendor/scrollLoading/jquery.scrollLoading.js\u001b[39m","time":"2016-05-16T03:13:47.055Z","v":0}
{"name":"hexo","hostname":"OptiPlex","pid":8241,"level":20,"msg":"Processed: \u001b[35msource/vendor/scrollLoading/main.js\u001b[39m","time":"2016-05-16T03:13:47.056Z","v":0}
{"name":"hexo","hostname":"OptiPlex","pid":8241,"level":20,"msg":"Processed: \u001b[35msource/vendor/scrollLoading/style.css\u001b[39m","time":"2016-05-16T03:13:47.056Z","v":0}
{"name":"hexo","hostname":"OptiPlex","pid":8241,"level":20,"msg":"Processed: \u001b[35mlayout/archive.ejs\u001b[39m","time":"2016-05-16T03:13:47.094Z","v":0}
{"name":"hexo","hostname":"OptiPlex","pid":8241,"level":20,"msg":"Processed: \u001b[35mlayout/category.ejs\u001b[39m","time":"2016-05-16T03:13:47.094Z","v":0}
{"name":"hexo","hostname":"OptiPlex","pid":8241,"level":20,"msg":"Processed: \u001b[35mlayout/index.ejs\u001b[39m","time":"2016-05-16T03:13:47.095Z","v":0}
{"name":"hexo","hostname":"OptiPlex","pid":8241,"level":20,"msg":"Processed: \u001b[35mlayout/layout.ejs\u001b[39m","time":"2016-05-16T03:13:47.095Z","v":0}
{"name":"hexo","hostname":"OptiPlex","pid":8241,"level":20,"msg":"Processed: \u001b[35mlayout/page.ejs\u001b[39m","time":"2016-05-16T03:13:47.096Z","v":0}
{"name":"hexo","hostname":"OptiPlex","pid":8241,"level":20,"msg":"Processed: \u001b[35mlayout/post.ejs\u001b[39m","time":"2016-05-16T03:13:47.099Z","v":0}
{"name":"hexo","hostname":"OptiPlex","pid":8241,"level":20,"msg":"Processed: \u001b[35mlayout/tag.ejs\u001b[39m","time":"2016-05-16T03:13:47.099Z","v":0}
{"name":"hexo","hostname":"OptiPlex","pid":8241,"level":20,"msg":"Processed: \u001b[35mlanguages/ca.yml\u001b[39m","time":"2016-05-16T03:13:47.138Z","v":0}
{"name":"hexo","hostname":"OptiPlex","pid":8241,"level":20,"msg":"Processed: \u001b[35mlanguages/en.yml\u001b[39m","time":"2016-05-16T03:13:47.138Z","v":0}
{"name":"hexo","hostname":"OptiPlex","pid":8241,"level":20,"msg":"Processed: \u001b[35mlanguages/pt-BR.yml\u001b[39m","time":"2016-05-16T03:13:47.139Z","v":0}
{"name":"hexo","hostname":"OptiPlex","pid":8241,"level":20,"msg":"Processed: \u001b[35mlanguages/ru.yml\u001b[39m","time":"2016-05-16T03:13:47.139Z","v":0}
{"name":"hexo","hostname":"OptiPlex","pid":8241,"level":20,"msg":"Processed: \u001b[35mlanguages/zh-CN.yml\u001b[39m","time":"2016-05-16T03:13:47.139Z","v":0}
{"name":"hexo","hostname":"OptiPlex","pid":8241,"level":20,"msg":"Processed: \u001b[35mlanguages/id.yml\u001b[39m","time":"2016-05-16T03:13:47.139Z","v":0}
{"name":"hexo","hostname":"OptiPlex","pid":8241,"level":20,"msg":"Processed: \u001b[35mlanguages/fr.yml\u001b[39m","time":"2016-05-16T03:13:47.139Z","v":0}
{"name":"hexo","hostname":"OptiPlex","pid":8241,"level":20,"msg":"Processed: \u001b[35mlanguages/es.yml\u001b[39m","time":"2016-05-16T03:13:47.140Z","v":0}
{"name":"hexo","hostname":"OptiPlex","pid":8241,"level":20,"msg":"Processed: \u001b[35msource/vendor/source-code-pro/styles.css\u001b[39m","time":"2016-05-16T03:13:47.148Z","v":0}
{"name":"hexo","hostname":"OptiPlex","pid":8241,"level":20,"msg":"Processed: \u001b[35msource/vendor/titillium-web/styles.css\u001b[39m","time":"2016-05-16T03:13:47.150Z","v":0}
{"name":"hexo","hostname":"OptiPlex","pid":8241,"level":20,"msg":"Processed: \u001b[35m_posts/debian-backporting.md\u001b[39m","time":"2016-05-16T03:13:47.158Z","v":0}
{"name":"hexo","hostname":"OptiPlex","pid":8241,"level":20,"msg":"Processed: \u001b[35m_posts/fzmp.md\u001b[39m","time":"2016-05-16T03:13:47.162Z","v":0}
{"name":"hexo","hostname":"OptiPlex","pid":8241,"level":20,"msg":"Processed: \u001b[35m_posts/rudimental-permutations.md\u001b[39m","time":"2016-05-16T03:13:47.164Z","v":0}
{"name":"hexo","hostname":"OptiPlex","pid":8241,"level":20,"msg":"Processed: \u001b[35m_posts/vimrc-guide.md\u001b[39m","time":"2016-05-16T03:13:47.165Z","v":0}
{"name":"hexo","hostname":"OptiPlex","pid":8241,"level":20,"msg":"Processed: \u001b[35mlayout/comment/counter.ejs\u001b[39m","time":"2016-05-16T03:13:47.243Z","v":0}
{"name":"hexo","hostname":"OptiPlex","pid":8241,"level":20,"msg":"Processed: \u001b[35mlayout/comment/disqus.ejs\u001b[39m","time":"2016-05-16T03:13:47.243Z","v":0}
{"name":"hexo","hostname":"OptiPlex","pid":8241,"level":20,"msg":"Processed: \u001b[35mlayout/comment/duoshuo.ejs\u001b[39m","time":"2016-05-16T03:13:47.244Z","v":0}
{"name":"hexo","hostname":"OptiPlex","pid":8241,"level":20,"msg":"Processed: \u001b[35mlayout/comment/index.ejs\u001b[39m","time":"2016-05-16T03:13:47.244Z","v":0}
{"name":"hexo","hostname":"OptiPlex","pid":8241,"level":20,"msg":"Processed: \u001b[35mlayout/comment/scripts.ejs\u001b[39m","time":"2016-05-16T03:13:47.244Z","v":0}
{"name":"hexo","hostname":"OptiPlex","pid":8241,"level":20,"msg":"Processed: \u001b[35mlayout/comment/youyan.ejs\u001b[39m","time":"2016-05-16T03:13:47.244Z","v":0}
{"name":"hexo","hostname":"OptiPlex","pid":8241,"level":20,"msg":"Processed: \u001b[35mlayout/common/archive.ejs\u001b[39m","time":"2016-05-16T03:13:47.245Z","v":0}
{"name":"hexo","hostname":"OptiPlex","pid":8241,"level":20,"msg":"Processed: \u001b[35mlayout/common/article.ejs\u001b[39m","time":"2016-05-16T03:13:47.245Z","v":0}
{"name":"hexo","hostname":"OptiPlex","pid":8241,"level":20,"msg":"Processed: \u001b[35mlayout/common/content-title.ejs\u001b[39m","time":"2016-05-16T03:13:47.245Z","v":0}
{"name":"hexo","hostname":"OptiPlex","pid":8241,"level":20,"msg":"Processed: \u001b[35mlayout/common/footer.ejs\u001b[39m","time":"2016-05-16T03:13:47.245Z","v":0}
{"name":"hexo","hostname":"OptiPlex","pid":8241,"level":20,"msg":"Processed: \u001b[35mlayout/common/head.ejs\u001b[39m","time":"2016-05-16T03:13:47.246Z","v":0}
{"name":"hexo","hostname":"OptiPlex","pid":8241,"level":20,"msg":"Processed: \u001b[35mlayout/common/header.ejs\u001b[39m","time":"2016-05-16T03:13:47.246Z","v":0}
{"name":"hexo","hostname":"OptiPlex","pid":8241,"level":20,"msg":"Processed: \u001b[35mlayout/common/scripts.ejs\u001b[39m","time":"2016-05-16T03:13:47.247Z","v":0}
{"name":"hexo","hostname":"OptiPlex","pid":8241,"level":20,"msg":"Processed: \u001b[35mlayout/common/sidebar.ejs\u001b[39m","time":"2016-05-16T03:13:47.248Z","v":0}
{"name":"hexo","hostname":"OptiPlex","pid":8241,"level":20,"msg":"Processed: \u001b[35mlayout/common/summary.ejs\u001b[39m","time":"2016-05-16T03:13:47.249Z","v":0}
{"name":"hexo","hostname":"OptiPlex","pid":8241,"level":20,"msg":"Processed: \u001b[35mlayout/common/thumbnail.ejs\u001b[39m","time":"2016-05-16T03:13:47.249Z","v":0}
{"name":"hexo","hostname":"OptiPlex","pid":8241,"level":20,"msg":"Processed: \u001b[35mlayout/plugin/baidu-analytics.ejs\u001b[39m","time":"2016-05-16T03:13:47.250Z","v":0}
{"name":"hexo","hostname":"OptiPlex","pid":8241,"level":20,"msg":"Processed: \u001b[35mlayout/plugin/google-analytics.ejs\u001b[39m","time":"2016-05-16T03:13:47.250Z","v":0}
{"name":"hexo","hostname":"OptiPlex","pid":8241,"level":20,"msg":"Processed: \u001b[35mlayout/plugin/scripts.ejs\u001b[39m","time":"2016-05-16T03:13:47.250Z","v":0}
{"name":"hexo","hostname":"OptiPlex","pid":8241,"level":20,"msg":"Processed: \u001b[35mlayout/search/baidu.ejs\u001b[39m","time":"2016-05-16T03:13:47.250Z","v":0}
{"name":"hexo","hostname":"OptiPlex","pid":8241,"level":20,"msg":"Processed: \u001b[35mlayout/search/index.ejs\u001b[39m","time":"2016-05-16T03:13:47.250Z","v":0}
{"name":"hexo","hostname":"OptiPlex","pid":8241,"level":20,"msg":"Processed: \u001b[35mlayout/search/insight.ejs\u001b[39m","time":"2016-05-16T03:13:47.250Z","v":0}
{"name":"hexo","hostname":"OptiPlex","pid":8241,"level":20,"msg":"Processed: \u001b[35mlayout/search/swiftype.ejs\u001b[39m","time":"2016-05-16T03:13:47.251Z","v":0}
{"name":"hexo","hostname":"OptiPlex","pid":8241,"level":20,"msg":"Processed: \u001b[35mlayout/share/addtoany.ejs\u001b[39m","time":"2016-05-16T03:13:47.251Z","v":0}
{"name":"hexo","hostname":"OptiPlex","pid":8241,"level":20,"msg":"Processed: \u001b[35mlayout/share/bdshare.ejs\u001b[39m","time":"2016-05-16T03:13:47.251Z","v":0}
{"name":"hexo","hostname":"OptiPlex","pid":8241,"level":20,"msg":"Processed: \u001b[35mlayout/share/default.ejs\u001b[39m","time":"2016-05-16T03:13:47.251Z","v":0}
{"name":"hexo","hostname":"OptiPlex","pid":8241,"level":20,"msg":"Processed: \u001b[35mlayout/share/index.ejs\u001b[39m","time":"2016-05-16T03:13:47.252Z","v":0}
{"name":"hexo","hostname":"OptiPlex","pid":8241,"level":20,"msg":"Processed: \u001b[35mlayout/share/jiathis.ejs\u001b[39m","time":"2016-05-16T03:13:47.252Z","v":0}
{"name":"hexo","hostname":"OptiPlex","pid":8241,"level":20,"msg":"Processed: \u001b[35mlayout/widget/archive.ejs\u001b[39m","time":"2016-05-16T03:13:47.252Z","v":0}
{"name":"hexo","hostname":"OptiPlex","pid":8241,"level":20,"msg":"Processed: \u001b[35mlayout/widget/category.ejs\u001b[39m","time":"2016-05-16T03:13:47.252Z","v":0}
{"name":"hexo","hostname":"OptiPlex","pid":8241,"level":20,"msg":"Processed: \u001b[35mlayout/widget/links.ejs\u001b[39m","time":"2016-05-16T03:13:47.252Z","v":0}
{"name":"hexo","hostname":"OptiPlex","pid":8241,"level":20,"msg":"Processed: \u001b[35mlayout/widget/recent_posts.ejs\u001b[39m","time":"2016-05-16T03:13:47.253Z","v":0}
{"name":"hexo","hostname":"OptiPlex","pid":8241,"level":20,"msg":"Processed: \u001b[35mlayout/widget/tag.ejs\u001b[39m","time":"2016-05-16T03:13:47.253Z","v":0}
{"name":"hexo","hostname":"OptiPlex","pid":8241,"level":20,"msg":"Processed: \u001b[35mlayout/widget/tagcloud.ejs\u001b[39m","time":"2016-05-16T03:13:47.253Z","v":0}
{"name":"hexo","hostname":"OptiPlex","pid":8241,"level":20,"msg":"Processed: \u001b[35msource/vendor/fancybox/helpers/fancybox_buttons.png\u001b[39m","time":"2016-05-16T03:13:47.258Z","v":0}
{"name":"hexo","hostname":"OptiPlex","pid":8241,"level":20,"msg":"Processed: \u001b[35msource/vendor/fancybox/helpers/jquery.fancybox-buttons.css\u001b[39m","time":"2016-05-16T03:13:47.262Z","v":0}
{"name":"hexo","hostname":"OptiPlex","pid":8241,"level":20,"msg":"Processed: \u001b[35msource/vendor/fancybox/helpers/jquery.fancybox-buttons.js\u001b[39m","time":"2016-05-16T03:13:47.263Z","v":0}
{"name":"hexo","hostname":"OptiPlex","pid":8241,"level":20,"msg":"Processed: \u001b[35msource/vendor/fancybox/helpers/jquery.fancybox-media.js\u001b[39m","time":"2016-05-16T03:13:47.264Z","v":0}
{"name":"hexo","hostname":"OptiPlex","pid":8241,"level":20,"msg":"Processed: \u001b[35msource/vendor/fancybox/helpers/jquery.fancybox-thumbs.css\u001b[39m","time":"2016-05-16T03:13:47.265Z","v":0}
{"name":"hexo","hostname":"OptiPlex","pid":8241,"level":20,"msg":"Processed: \u001b[35msource/vendor/fancybox/helpers/jquery.fancybox-thumbs.js\u001b[39m","time":"2016-05-16T03:13:47.266Z","v":0}
{"name":"hexo","hostname":"OptiPlex","pid":8241,"level":20,"msg":"Processed: \u001b[35msource/vendor/font-awesome/css/font-awesome.min.css\u001b[39m","time":"2016-05-16T03:13:47.267Z","v":0}
{"name":"hexo","hostname":"OptiPlex","pid":8241,"level":20,"msg":"Processed: \u001b[35msource/vendor/font-awesome/fonts/fontawesome-webfont.woff2\u001b[39m","time":"2016-05-16T03:13:47.275Z","v":0}
{"name":"hexo","hostname":"OptiPlex","pid":8241,"level":20,"msg":"Processed: \u001b[35msource/vendor/scrollLoading/images/preloader.gif\u001b[39m","time":"2016-05-16T03:13:47.277Z","v":0}
{"name":"hexo","hostname":"OptiPlex","pid":8241,"level":20,"msg":"Processed: \u001b[35msource/vendor/scrollLoading/images/preloader@2x.gif\u001b[39m","time":"2016-05-16T03:13:47.278Z","v":0}
{"name":"hexo","hostname":"OptiPlex","pid":8241,"level":20,"msg":"Processed: \u001b[35msource/vendor/source-code-pro/fonts/mrl8jkM18OlOQN8JLgasD9V_2ngZ8dMf8fLgjYEouxg.woff2\u001b[39m","time":"2016-05-16T03:13:47.283Z","v":0}
{"name":"hexo","hostname":"OptiPlex","pid":8241,"level":20,"msg":"Processed: \u001b[35msource/vendor/source-code-pro/fonts/mrl8jkM18OlOQN8JLgasDy2Q8seG17bfDXYR_jUsrzg.woff2\u001b[39m","time":"2016-05-16T03:13:47.284Z","v":0}
{"name":"hexo","hostname":"OptiPlex","pid":8241,"level":20,"msg":"Processed: \u001b[35msource/vendor/titillium-web/fonts/7XUFZ5tgS-tD6QamInJTcSo_WB_cotcEMUw1LsIE8mM.woff2\u001b[39m","time":"2016-05-16T03:13:47.286Z","v":0}
{"name":"hexo","hostname":"OptiPlex","pid":8241,"level":20,"msg":"Processed: \u001b[35msource/vendor/titillium-web/fonts/7XUFZ5tgS-tD6QamInJTcZSnX671uNZIV63UdXh3Mg0.woff2\u001b[39m","time":"2016-05-16T03:13:47.286Z","v":0}
{"name":"hexo","hostname":"OptiPlex","pid":8241,"level":20,"msg":"Processed: \u001b[35msource/vendor/titillium-web/fonts/anMUvcNT0H1YN4FII8wpr4-67659ICLY8bMrYhtePPA.woff2\u001b[39m","time":"2016-05-16T03:13:47.290Z","v":0}
{"name":"hexo","hostname":"OptiPlex","pid":8241,"level":20,"msg":"Processed: \u001b[35msource/vendor/titillium-web/fonts/anMUvcNT0H1YN4FII8wpr46gJz9aNFrmnwBdd69aqzY.woff2\u001b[39m","time":"2016-05-16T03:13:47.291Z","v":0}
{"name":"hexo","hostname":"OptiPlex","pid":8241,"level":20,"msg":"Processed: \u001b[35msource/vendor/titillium-web/fonts/anMUvcNT0H1YN4FII8wpr9INifKjd1RJ3NxxEi9Cy2w.woff2\u001b[39m","time":"2016-05-16T03:13:47.299Z","v":0}
{"name":"hexo","hostname":"OptiPlex","pid":8241,"level":20,"msg":"Processed: \u001b[35msource/vendor/titillium-web/fonts/anMUvcNT0H1YN4FII8wpr_SNRT0fZ5CX-AqRkMYgJJo.woff2\u001b[39m","time":"2016-05-16T03:13:47.300Z","v":0}
{"name":"hexo","hostname":"OptiPlex","pid":8241,"level":20,"msg":"Processed: \u001b[35msource/vendor/font-awesome/fonts/FontAwesome.otf\u001b[39m","time":"2016-05-16T03:13:47.309Z","v":0}
{"name":"hexo","hostname":"OptiPlex","pid":8241,"level":20,"msg":"Processed: \u001b[35msource/vendor/font-awesome/fonts/fontawesome-webfont.eot\u001b[39m","time":"2016-05-16T03:13:47.310Z","v":0}
{"name":"hexo","hostname":"OptiPlex","pid":8241,"level":20,"msg":"Processed: \u001b[35msource/vendor/jquery/2.0.3/jquery.min.js\u001b[39m","time":"2016-05-16T03:13:47.322Z","v":0}
{"name":"hexo","hostname":"OptiPlex","pid":8241,"level":20,"msg":"Processed: \u001b[35msource/vendor/font-awesome/fonts/fontawesome-webfont.woff\u001b[39m","time":"2016-05-16T03:13:47.323Z","v":0}
{"name":"hexo","hostname":"OptiPlex","pid":8241,"level":20,"msg":"Processed: \u001b[35mlayout/common/post/category.ejs\u001b[39m","time":"2016-05-16T03:13:47.329Z","v":0}
{"name":"hexo","hostname":"OptiPlex","pid":8241,"level":20,"msg":"Processed: \u001b[35mlayout/common/post/date.ejs\u001b[39m","time":"2016-05-16T03:13:47.329Z","v":0}
{"name":"hexo","hostname":"OptiPlex","pid":8241,"level":20,"msg":"Processed: \u001b[35mlayout/common/post/nav.ejs\u001b[39m","time":"2016-05-16T03:13:47.329Z","v":0}
{"name":"hexo","hostname":"OptiPlex","pid":8241,"level":20,"msg":"Processed: \u001b[35mlayout/common/post/tag.ejs\u001b[39m","time":"2016-05-16T03:13:47.330Z","v":0}
{"name":"hexo","hostname":"OptiPlex","pid":8241,"level":20,"msg":"Processed: \u001b[35mlayout/common/post/title.ejs\u001b[39m","time":"2016-05-16T03:13:47.330Z","v":0}
{"name":"hexo","hostname":"OptiPlex","pid":8241,"level":20,"msg":"Processed: \u001b[35msource/vendor/font-awesome/fonts/fontawesome-webfont.ttf\u001b[39m","time":"2016-05-16T03:13:47.332Z","v":0}
{"name":"hexo","hostname":"OptiPlex","pid":8241,"level":20,"msg":"Processed: \u001b[35msource/vendor/font-awesome/fonts/fontawesome-webfont.svg\u001b[39m","time":"2016-05-16T03:13:47.344Z","v":0}
{"name":"hexo","hostname":"OptiPlex","pid":8241,"level":20,"msg":"Generator: \u001b[35mpage\u001b[39m","time":"2016-05-16T03:13:47.975Z","v":0}
{"name":"hexo","hostname":"OptiPlex","pid":8241,"level":20,"msg":"Generator: \u001b[35mpost\u001b[39m","time":"2016-05-16T03:13:47.975Z","v":0}
{"name":"hexo","hostname":"OptiPlex","pid":8241,"level":20,"msg":"Generator: \u001b[35marchive\u001b[39m","time":"2016-05-16T03:13:47.976Z","v":0}
{"name":"hexo","hostname":"OptiPlex","pid":8241,"level":20,"msg":"Generator: \u001b[35mcategory\u001b[39m","time":"2016-05-16T03:13:47.977Z","v":0}
{"name":"hexo","hostname":"OptiPlex","pid":8241,"level":20,"msg":"Generator: \u001b[35mindex\u001b[39m","time":"2016-05-16T03:13:47.978Z","v":0}
{"name":"hexo","hostname":"OptiPlex","pid":8241,"level":20,"msg":"Generator: \u001b[35mjson-content\u001b[39m","time":"2016-05-16T03:13:47.979Z","v":0}
{"name":"hexo","hostname":"OptiPlex","pid":8241,"level":20,"msg":"Generator: \u001b[35mtag\u001b[39m","time":"2016-05-16T03:13:47.981Z","v":0}
{"name":"hexo","hostname":"OptiPlex","pid":8241,"level":20,"msg":"Generator: \u001b[35masset\u001b[39m","time":"2016-05-16T03:13:47.984Z","v":0}
{"name":"hexo","hostname":"OptiPlex","pid":8241,"level":30,"msg":"Hexo is running at \u001b[4mhttp://localhost:4000/\u001b[24m. Press Ctrl+C to stop.","time":"2016-05-16T03:13:48.002Z","v":0}
{"name":"hexo","hostname":"OptiPlex","pid":8241,"level":20,"msg":"Database saved","time":"2016-05-16T03:13:48.054Z","v":0}
{"name":"hexo","hostname":"OptiPlex","pid":8241,"level":20,"msg":"Rendering post: \u001b[35mlinux/fzmp/index.html\u001b[39m","time":"2016-05-16T03:13:57.411Z","v":0}
{"name":"hexo","hostname":"OptiPlex","pid":8241,"level":30,"msg":"Good bye","time":"2016-05-16T03:14:07.965Z","v":0}
{"name":"hexo","hostname":"OptiPlex","pid":8241,"level":20,"msg":"Database saved","time":"2016-05-16T03:14:07.991Z","v":0}
{"name":"hexo","hostname":"OptiPlex","pid":8411,"level":20,"msg":"Hexo version: \u001b[35m3.2.0\u001b[39m","time":"2016-05-16T03:14:13.993Z","v":0}
{"name":"hexo","hostname":"OptiPlex","pid":8411,"level":20,"msg":"Working directory: \u001b[35m/mnt/main/dev/newhexo/\u001b[39m","time":"2016-05-16T03:14:14.000Z","v":0}
{"name":"hexo","hostname":"OptiPlex","pid":8411,"level":20,"msg":"Config loaded: \u001b[35m/mnt/main/dev/newhexo/_config.yml\u001b[39m","time":"2016-05-16T03:14:14.168Z","v":0}
{"name":"hexo","hostname":"OptiPlex","pid":8411,"level":20,"msg":"Script loaded: \u001b[35mthemes/hueman/scripts/excerpt.js\u001b[39m","time":"2016-05-16T03:14:14.193Z","v":0}
{"name":"hexo","hostname":"OptiPlex","pid":8411,"level":20,"msg":"Script loaded: \u001b[35mthemes/hueman/scripts/fancybox.js\u001b[39m","time":"2016-05-16T03:14:14.194Z","v":0}
{"name":"hexo","hostname":"OptiPlex","pid":8411,"level":20,"msg":"Script loaded: \u001b[35mthemes/hueman/scripts/meta.js\u001b[39m","time":"2016-05-16T03:14:14.196Z","v":0}
{"name":"hexo","hostname":"OptiPlex","pid":8411,"level":20,"msg":"Script loaded: \u001b[35mthemes/hueman/scripts/thumbnail.js\u001b[39m","time":"2016-05-16T03:14:14.197Z","v":0}
{"name":"hexo","hostname":"OptiPlex","pid":8411,"level":20,"msg":"Plugin loaded: \u001b[35mhexo-deployer-git\u001b[39m","time":"2016-05-16T03:14:14.205Z","v":0}
{"name":"hexo","hostname":"OptiPlex","pid":8411,"level":20,"msg":"Plugin loaded: \u001b[35mhexo-generator-archive\u001b[39m","time":"2016-05-16T03:14:14.211Z","v":0}
{"name":"hexo","hostname":"OptiPlex","pid":8411,"level":20,"msg":"Plugin loaded: \u001b[35mhexo-generator-category\u001b[39m","time":"2016-05-16T03:14:14.215Z","v":0}
{"name":"hexo","hostname":"OptiPlex","pid":8411,"level":20,"msg":"Plugin loaded: \u001b[35mhexo-generator-index\u001b[39m","time":"2016-05-16T03:14:14.218Z","v":0}
{"name":"hexo","hostname":"OptiPlex","pid":8411,"level":20,"msg":"Plugin loaded: \u001b[35mhexo-generator-json-content\u001b[39m","time":"2016-05-16T03:14:14.265Z","v":0}
{"name":"hexo","hostname":"OptiPlex","pid":8411,"level":20,"msg":"Plugin loaded: \u001b[35mhexo-generator-tag\u001b[39m","time":"2016-05-16T03:14:14.267Z","v":0}
{"name":"hexo","hostname":"OptiPlex","pid":8411,"level":20,"msg":"Plugin loaded: \u001b[35mhexo-renderer-ejs\u001b[39m","time":"2016-05-16T03:14:14.272Z","v":0}
{"name":"hexo","hostname":"OptiPlex","pid":8411,"level":20,"msg":"Plugin loaded: \u001b[35mhexo-renderer-marked\u001b[39m","time":"2016-05-16T03:14:14.284Z","v":0}
{"name":"hexo","hostname":"OptiPlex","pid":8411,"level":20,"msg":"Plugin loaded: \u001b[35mhexo-renderer-stylus\u001b[39m","time":"2016-05-16T03:14:14.287Z","v":0}
{"name":"hexo","hostname":"OptiPlex","pid":8411,"level":20,"msg":"Plugin loaded: \u001b[35mhexo-server\u001b[39m","time":"2016-05-16T03:14:14.380Z","v":0}
{"name":"hexo","hostname":"OptiPlex","pid":8411,"level":20,"msg":"Loading database.","time":"2016-05-16T03:14:14.401Z","v":0}
{"name":"hexo","hostname":"OptiPlex","pid":8411,"level":30,"msg":"Start processing","time":"2016-05-16T03:14:14.683Z","v":0}
{"name":"hexo","hostname":"OptiPlex","pid":8411,"level":20,"msg":"Processed: \u001b[35m_posts/debian-backporting.md\u001b[39m","time":"2016-05-16T03:14:14.874Z","v":0}
{"name":"hexo","hostname":"OptiPlex","pid":8411,"level":20,"msg":"Processed: \u001b[35m_posts/fzmp.md\u001b[39m","time":"2016-05-16T03:14:14.874Z","v":0}
{"name":"hexo","hostname":"OptiPlex","pid":8411,"level":20,"msg":"Processed: \u001b[35m_posts/rudimental-permutations.md\u001b[39m","time":"2016-05-16T03:14:14.876Z","v":0}
{"name":"hexo","hostname":"OptiPlex","pid":8411,"level":20,"msg":"Processed: \u001b[35m_posts/vimrc-guide.md\u001b[39m","time":"2016-05-16T03:14:14.876Z","v":0}
{"name":"hexo","hostname":"OptiPlex","pid":8411,"level":20,"msg":"Theme config loaded.","time":"2016-05-16T03:14:14.985Z","v":0}
{"name":"hexo","hostname":"OptiPlex","pid":8411,"level":20,"msg":"Processed: \u001b[35m_config.yml\u001b[39m","time":"2016-05-16T03:14:14.986Z","v":0}
{"name":"hexo","hostname":"OptiPlex","pid":8411,"level":20,"msg":"Processed: \u001b[35msource/js/insight.js\u001b[39m","time":"2016-05-16T03:14:15.048Z","v":0}
{"name":"hexo","hostname":"OptiPlex","pid":8411,"level":20,"msg":"Processed: \u001b[35msource/js/main.js\u001b[39m","time":"2016-05-16T03:14:15.049Z","v":0}
{"name":"hexo","hostname":"OptiPlex","pid":8411,"level":20,"msg":"Processed: \u001b[35msource/css/style.styl\u001b[39m","time":"2016-05-16T03:14:15.049Z","v":0}
{"name":"hexo","hostname":"OptiPlex","pid":8411,"level":20,"msg":"Processed: \u001b[35m_posts/debug.log\u001b[39m","time":"2016-05-16T03:14:15.116Z","v":0}
{"name":"hexo","hostname":"OptiPlex","pid":8411,"level":20,"msg":"Processed: \u001b[35mlanguages/ca.yml\u001b[39m","time":"2016-05-16T03:14:15.119Z","v":0}
{"name":"hexo","hostname":"OptiPlex","pid":8411,"level":20,"msg":"Processed: \u001b[35mlayout/archive.ejs\u001b[39m","time":"2016-05-16T03:14:15.213Z","v":0}
{"name":"hexo","hostname":"OptiPlex","pid":8411,"level":20,"msg":"Processed: \u001b[35mlayout/category.ejs\u001b[39m","time":"2016-05-16T03:14:15.213Z","v":0}
{"name":"hexo","hostname":"OptiPlex","pid":8411,"level":20,"msg":"Processed: \u001b[35mlayout/index.ejs\u001b[39m","time":"2016-05-16T03:14:15.214Z","v":0}
{"name":"hexo","hostname":"OptiPlex","pid":8411,"level":20,"msg":"Processed: \u001b[35mlayout/layout.ejs\u001b[39m","time":"2016-05-16T03:14:15.214Z","v":0}
{"name":"hexo","hostname":"OptiPlex","pid":8411,"level":20,"msg":"Processed: \u001b[35mlayout/page.ejs\u001b[39m","time":"2016-05-16T03:14:15.214Z","v":0}
{"name":"hexo","hostname":"OptiPlex","pid":8411,"level":20,"msg":"Processed: \u001b[35mlayout/post.ejs\u001b[39m","time":"2016-05-16T03:14:15.215Z","v":0}
{"name":"hexo","hostname":"OptiPlex","pid":8411,"level":20,"msg":"Processed: \u001b[35mlayout/tag.ejs\u001b[39m","time":"2016-05-16T03:14:15.215Z","v":0}
{"name":"hexo","hostname":"OptiPlex","pid":8411,"level":20,"msg":"Processed: \u001b[35mlanguages/en.yml\u001b[39m","time":"2016-05-16T03:14:15.249Z","v":0}
{"name":"hexo","hostname":"OptiPlex","pid":8411,"level":20,"msg":"Processed: \u001b[35mlanguages/pt-BR.yml\u001b[39m","time":"2016-05-16T03:14:15.250Z","v":0}
{"name":"hexo","hostname":"OptiPlex","pid":8411,"level":20,"msg":"Processed: \u001b[35mlanguages/ru.yml\u001b[39m","time":"2016-05-16T03:14:15.250Z","v":0}
{"name":"hexo","hostname":"OptiPlex","pid":8411,"level":20,"msg":"Processed: \u001b[35mlanguages/zh-CN.yml\u001b[39m","time":"2016-05-16T03:14:15.250Z","v":0}
{"name":"hexo","hostname":"OptiPlex","pid":8411,"level":20,"msg":"Processed: \u001b[35mlanguages/id.yml\u001b[39m","time":"2016-05-16T03:14:15.250Z","v":0}
{"name":"hexo","hostname":"OptiPlex","pid":8411,"level":20,"msg":"Processed: \u001b[35mlanguages/fr.yml\u001b[39m","time":"2016-05-16T03:14:15.250Z","v":0}
{"name":"hexo","hostname":"OptiPlex","pid":8411,"level":20,"msg":"Processed: \u001b[35mlanguages/es.yml\u001b[39m","time":"2016-05-16T03:14:15.251Z","v":0}
{"name":"hexo","hostname":"OptiPlex","pid":8411,"level":20,"msg":"Processed: \u001b[35msource/css/images/logo-header.png\u001b[39m","time":"2016-05-16T03:14:15.252Z","v":0}
{"name":"hexo","hostname":"OptiPlex","pid":8411,"level":20,"msg":"Processed: \u001b[35msource/css/images/opacity-10.png\u001b[39m","time":"2016-05-16T03:14:15.253Z","v":0}
{"name":"hexo","hostname":"OptiPlex","pid":8411,"level":20,"msg":"Processed: \u001b[35msource/css/images/s-left.png\u001b[39m","time":"2016-05-16T03:14:15.254Z","v":0}
{"name":"hexo","hostname":"OptiPlex","pid":8411,"level":20,"msg":"Processed: \u001b[35msource/css/images/thumb-default-small.png\u001b[39m","time":"2016-05-16T03:14:15.254Z","v":0}
{"name":"hexo","hostname":"OptiPlex","pid":8411,"level":20,"msg":"Processed: \u001b[35msource/css/images/thumb-default.png\u001b[39m","time":"2016-05-16T03:14:15.255Z","v":0}
{"name":"hexo","hostname":"OptiPlex","pid":8411,"level":20,"msg":"Processed: \u001b[35msource/vendor/fancybox/blank.gif\u001b[39m","time":"2016-05-16T03:14:15.255Z","v":0}
{"name":"hexo","hostname":"OptiPlex","pid":8411,"level":20,"msg":"Processed: \u001b[35msource/vendor/fancybox/fancybox_loading.gif\u001b[39m","time":"2016-05-16T03:14:15.257Z","v":0}
{"name":"hexo","hostname":"OptiPlex","pid":8411,"level":20,"msg":"Processed: \u001b[35msource/vendor/fancybox/fancybox_loading@2x.gif\u001b[39m","time":"2016-05-16T03:14:15.257Z","v":0}
{"name":"hexo","hostname":"OptiPlex","pid":8411,"level":20,"msg":"Processed: \u001b[35msource/vendor/fancybox/fancybox_overlay.png\u001b[39m","time":"2016-05-16T03:14:15.258Z","v":0}
{"name":"hexo","hostname":"OptiPlex","pid":8411,"level":20,"msg":"Processed: \u001b[35msource/vendor/fancybox/fancybox_sprite.png\u001b[39m","time":"2016-05-16T03:14:15.259Z","v":0}
{"name":"hexo","hostname":"OptiPlex","pid":8411,"level":20,"msg":"Processed: \u001b[35msource/vendor/fancybox/fancybox_sprite@2x.png\u001b[39m","time":"2016-05-16T03:14:15.260Z","v":0}
{"name":"hexo","hostname":"OptiPlex","pid":8411,"level":20,"msg":"Processed: \u001b[35msource/vendor/fancybox/jquery.fancybox.css\u001b[39m","time":"2016-05-16T03:14:15.260Z","v":0}
{"name":"hexo","hostname":"OptiPlex","pid":8411,"level":20,"msg":"Processed: \u001b[35msource/vendor/fancybox/jquery.fancybox.js\u001b[39m","time":"2016-05-16T03:14:15.261Z","v":0}
{"name":"hexo","hostname":"OptiPlex","pid":8411,"level":20,"msg":"Processed: \u001b[35msource/vendor/fancybox/jquery.fancybox.pack.js\u001b[39m","time":"2016-05-16T03:14:15.262Z","v":0}
{"name":"hexo","hostname":"OptiPlex","pid":8411,"level":20,"msg":"Processed: \u001b[35msource/vendor/scrollLoading/jquery.scrollLoading.js\u001b[39m","time":"2016-05-16T03:14:15.262Z","v":0}
{"name":"hexo","hostname":"OptiPlex","pid":8411,"level":20,"msg":"Processed: \u001b[35msource/vendor/scrollLoading/main.js\u001b[39m","time":"2016-05-16T03:14:15.263Z","v":0}
{"name":"hexo","hostname":"OptiPlex","pid":8411,"level":20,"msg":"Processed: \u001b[35msource/vendor/scrollLoading/style.css\u001b[39m","time":"2016-05-16T03:14:15.263Z","v":0}
{"name":"hexo","hostname":"OptiPlex","pid":8411,"level":20,"msg":"Processed: \u001b[35msource/vendor/source-code-pro/styles.css\u001b[39m","time":"2016-05-16T03:14:15.264Z","v":0}
{"name":"hexo","hostname":"OptiPlex","pid":8411,"level":20,"msg":"Processed: \u001b[35msource/vendor/titillium-web/styles.css\u001b[39m","time":"2016-05-16T03:14:15.264Z","v":0}
{"name":"hexo","hostname":"OptiPlex","pid":8411,"level":20,"msg":"Processed: \u001b[35mlayout/comment/counter.ejs\u001b[39m","time":"2016-05-16T03:14:15.324Z","v":0}
{"name":"hexo","hostname":"OptiPlex","pid":8411,"level":20,"msg":"Processed: \u001b[35mlayout/comment/disqus.ejs\u001b[39m","time":"2016-05-16T03:14:15.325Z","v":0}
{"name":"hexo","hostname":"OptiPlex","pid":8411,"level":20,"msg":"Processed: \u001b[35mlayout/comment/duoshuo.ejs\u001b[39m","time":"2016-05-16T03:14:15.325Z","v":0}
{"name":"hexo","hostname":"OptiPlex","pid":8411,"level":20,"msg":"Processed: \u001b[35mlayout/comment/index.ejs\u001b[39m","time":"2016-05-16T03:14:15.325Z","v":0}
{"name":"hexo","hostname":"OptiPlex","pid":8411,"level":20,"msg":"Processed: \u001b[35mlayout/comment/scripts.ejs\u001b[39m","time":"2016-05-16T03:14:15.325Z","v":0}
{"name":"hexo","hostname":"OptiPlex","pid":8411,"level":20,"msg":"Processed: \u001b[35mlayout/comment/youyan.ejs\u001b[39m","time":"2016-05-16T03:14:15.326Z","v":0}
{"name":"hexo","hostname":"OptiPlex","pid":8411,"level":20,"msg":"Processed: \u001b[35mlayout/common/archive.ejs\u001b[39m","time":"2016-05-16T03:14:15.326Z","v":0}
{"name":"hexo","hostname":"OptiPlex","pid":8411,"level":20,"msg":"Processed: \u001b[35mlayout/common/article.ejs\u001b[39m","time":"2016-05-16T03:14:15.326Z","v":0}
{"name":"hexo","hostname":"OptiPlex","pid":8411,"level":20,"msg":"Processed: \u001b[35mlayout/common/content-title.ejs\u001b[39m","time":"2016-05-16T03:14:15.327Z","v":0}
{"name":"hexo","hostname":"OptiPlex","pid":8411,"level":20,"msg":"Processed: \u001b[35mlayout/common/footer.ejs\u001b[39m","time":"2016-05-16T03:14:15.328Z","v":0}
{"name":"hexo","hostname":"OptiPlex","pid":8411,"level":20,"msg":"Processed: \u001b[35mlayout/common/head.ejs\u001b[39m","time":"2016-05-16T03:14:15.329Z","v":0}
{"name":"hexo","hostname":"OptiPlex","pid":8411,"level":20,"msg":"Processed: \u001b[35mlayout/common/header.ejs\u001b[39m","time":"2016-05-16T03:14:15.329Z","v":0}
{"name":"hexo","hostname":"OptiPlex","pid":8411,"level":20,"msg":"Processed: \u001b[35mlayout/common/scripts.ejs\u001b[39m","time":"2016-05-16T03:14:15.329Z","v":0}
{"name":"hexo","hostname":"OptiPlex","pid":8411,"level":20,"msg":"Processed: \u001b[35mlayout/common/sidebar.ejs\u001b[39m","time":"2016-05-16T03:14:15.329Z","v":0}
{"name":"hexo","hostname":"OptiPlex","pid":8411,"level":20,"msg":"Processed: \u001b[35mlayout/common/summary.ejs\u001b[39m","time":"2016-05-16T03:14:15.331Z","v":0}
{"name":"hexo","hostname":"OptiPlex","pid":8411,"level":20,"msg":"Processed: \u001b[35mlayout/common/thumbnail.ejs\u001b[39m","time":"2016-05-16T03:14:15.331Z","v":0}
{"name":"hexo","hostname":"OptiPlex","pid":8411,"level":20,"msg":"Processed: \u001b[35mlayout/plugin/baidu-analytics.ejs\u001b[39m","time":"2016-05-16T03:14:15.331Z","v":0}
{"name":"hexo","hostname":"OptiPlex","pid":8411,"level":20,"msg":"Processed: \u001b[35mlayout/plugin/google-analytics.ejs\u001b[39m","time":"2016-05-16T03:14:15.331Z","v":0}
{"name":"hexo","hostname":"OptiPlex","pid":8411,"level":20,"msg":"Processed: \u001b[35mlayout/plugin/scripts.ejs\u001b[39m","time":"2016-05-16T03:14:15.331Z","v":0}
{"name":"hexo","hostname":"OptiPlex","pid":8411,"level":20,"msg":"Processed: \u001b[35mlayout/search/baidu.ejs\u001b[39m","time":"2016-05-16T03:14:15.332Z","v":0}
{"name":"hexo","hostname":"OptiPlex","pid":8411,"level":20,"msg":"Processed: \u001b[35mlayout/search/index.ejs\u001b[39m","time":"2016-05-16T03:14:15.332Z","v":0}
{"name":"hexo","hostname":"OptiPlex","pid":8411,"level":20,"msg":"Processed: \u001b[35mlayout/search/insight.ejs\u001b[39m","time":"2016-05-16T03:14:15.332Z","v":0}
{"name":"hexo","hostname":"OptiPlex","pid":8411,"level":20,"msg":"Processed: \u001b[35mlayout/search/swiftype.ejs\u001b[39m","time":"2016-05-16T03:14:15.332Z","v":0}
{"name":"hexo","hostname":"OptiPlex","pid":8411,"level":20,"msg":"Processed: \u001b[35mlayout/share/addtoany.ejs\u001b[39m","time":"2016-05-16T03:14:15.332Z","v":0}
{"name":"hexo","hostname":"OptiPlex","pid":8411,"level":20,"msg":"Processed: \u001b[35mlayout/share/bdshare.ejs\u001b[39m","time":"2016-05-16T03:14:15.332Z","v":0}
{"name":"hexo","hostname":"OptiPlex","pid":8411,"level":20,"msg":"Processed: \u001b[35mlayout/share/default.ejs\u001b[39m","time":"2016-05-16T03:14:15.333Z","v":0}
{"name":"hexo","hostname":"OptiPlex","pid":8411,"level":20,"msg":"Processed: \u001b[35mlayout/share/index.ejs\u001b[39m","time":"2016-05-16T03:14:15.333Z","v":0}
{"name":"hexo","hostname":"OptiPlex","pid":8411,"level":20,"msg":"Processed: \u001b[35mlayout/share/jiathis.ejs\u001b[39m","time":"2016-05-16T03:14:15.333Z","v":0}
{"name":"hexo","hostname":"OptiPlex","pid":8411,"level":20,"msg":"Processed: \u001b[35mlayout/widget/archive.ejs\u001b[39m","time":"2016-05-16T03:14:15.333Z","v":0}
{"name":"hexo","hostname":"OptiPlex","pid":8411,"level":20,"msg":"Processed: \u001b[35mlayout/widget/category.ejs\u001b[39m","time":"2016-05-16T03:14:15.333Z","v":0}
{"name":"hexo","hostname":"OptiPlex","pid":8411,"level":20,"msg":"Processed: \u001b[35mlayout/widget/links.ejs\u001b[39m","time":"2016-05-16T03:14:15.334Z","v":0}
{"name":"hexo","hostname":"OptiPlex","pid":8411,"level":20,"msg":"Processed: \u001b[35mlayout/widget/recent_posts.ejs\u001b[39m","time":"2016-05-16T03:14:15.334Z","v":0}
{"name":"hexo","hostname":"OptiPlex","pid":8411,"level":20,"msg":"Processed: \u001b[35mlayout/widget/tag.ejs\u001b[39m","time":"2016-05-16T03:14:15.334Z","v":0}
{"name":"hexo","hostname":"OptiPlex","pid":8411,"level":20,"msg":"Processed: \u001b[35mlayout/widget/tagcloud.ejs\u001b[39m","time":"2016-05-16T03:14:15.334Z","v":0}
{"name":"hexo","hostname":"OptiPlex","pid":8411,"level":20,"msg":"Processed: \u001b[35msource/vendor/fancybox/helpers/fancybox_buttons.png\u001b[39m","time":"2016-05-16T03:14:15.341Z","v":0}
{"name":"hexo","hostname":"OptiPlex","pid":8411,"level":20,"msg":"Processed: \u001b[35msource/vendor/fancybox/helpers/jquery.fancybox-buttons.css\u001b[39m","time":"2016-05-16T03:14:15.342Z","v":0}
{"name":"hexo","hostname":"OptiPlex","pid":8411,"level":20,"msg":"Processed: \u001b[35msource/vendor/fancybox/helpers/jquery.fancybox-buttons.js\u001b[39m","time":"2016-05-16T03:14:15.343Z","v":0}
{"name":"hexo","hostname":"OptiPlex","pid":8411,"level":20,"msg":"Processed: \u001b[35msource/vendor/fancybox/helpers/jquery.fancybox-media.js\u001b[39m","time":"2016-05-16T03:14:15.346Z","v":0}
{"name":"hexo","hostname":"OptiPlex","pid":8411,"level":20,"msg":"Processed: \u001b[35msource/vendor/fancybox/helpers/jquery.fancybox-thumbs.css\u001b[39m","time":"2016-05-16T03:14:15.347Z","v":0}
{"name":"hexo","hostname":"OptiPlex","pid":8411,"level":20,"msg":"Processed: \u001b[35msource/vendor/fancybox/helpers/jquery.fancybox-thumbs.js\u001b[39m","time":"2016-05-16T03:14:15.348Z","v":0}
{"name":"hexo","hostname":"OptiPlex","pid":8411,"level":20,"msg":"Processed: \u001b[35msource/vendor/font-awesome/css/font-awesome.min.css\u001b[39m","time":"2016-05-16T03:14:15.348Z","v":0}
{"name":"hexo","hostname":"OptiPlex","pid":8411,"level":20,"msg":"Processed: \u001b[35msource/vendor/font-awesome/fonts/fontawesome-webfont.woff2\u001b[39m","time":"2016-05-16T03:14:15.349Z","v":0}
{"name":"hexo","hostname":"OptiPlex","pid":8411,"level":20,"msg":"Processed: \u001b[35msource/vendor/scrollLoading/images/preloader.gif\u001b[39m","time":"2016-05-16T03:14:15.350Z","v":0}
{"name":"hexo","hostname":"OptiPlex","pid":8411,"level":20,"msg":"Processed: \u001b[35msource/vendor/scrollLoading/images/preloader@2x.gif\u001b[39m","time":"2016-05-16T03:14:15.351Z","v":0}
{"name":"hexo","hostname":"OptiPlex","pid":8411,"level":20,"msg":"Processed: \u001b[35msource/vendor/source-code-pro/fonts/mrl8jkM18OlOQN8JLgasD9V_2ngZ8dMf8fLgjYEouxg.woff2\u001b[39m","time":"2016-05-16T03:14:15.351Z","v":0}
{"name":"hexo","hostname":"OptiPlex","pid":8411,"level":20,"msg":"Processed: \u001b[35msource/vendor/source-code-pro/fonts/mrl8jkM18OlOQN8JLgasDy2Q8seG17bfDXYR_jUsrzg.woff2\u001b[39m","time":"2016-05-16T03:14:15.352Z","v":0}
{"name":"hexo","hostname":"OptiPlex","pid":8411,"level":20,"msg":"Processed: \u001b[35msource/vendor/titillium-web/fonts/7XUFZ5tgS-tD6QamInJTcSo_WB_cotcEMUw1LsIE8mM.woff2\u001b[39m","time":"2016-05-16T03:14:15.353Z","v":0}
{"name":"hexo","hostname":"OptiPlex","pid":8411,"level":20,"msg":"Processed: \u001b[35msource/vendor/titillium-web/fonts/7XUFZ5tgS-tD6QamInJTcZSnX671uNZIV63UdXh3Mg0.woff2\u001b[39m","time":"2016-05-16T03:14:15.353Z","v":0}
{"name":"hexo","hostname":"OptiPlex","pid":8411,"level":20,"msg":"Processed: \u001b[35msource/vendor/titillium-web/fonts/anMUvcNT0H1YN4FII8wpr4-67659ICLY8bMrYhtePPA.woff2\u001b[39m","time":"2016-05-16T03:14:15.354Z","v":0}
{"name":"hexo","hostname":"OptiPlex","pid":8411,"level":20,"msg":"Processed: \u001b[35msource/vendor/titillium-web/fonts/anMUvcNT0H1YN4FII8wpr46gJz9aNFrmnwBdd69aqzY.woff2\u001b[39m","time":"2016-05-16T03:14:15.358Z","v":0}
{"name":"hexo","hostname":"OptiPlex","pid":8411,"level":20,"msg":"Processed: \u001b[35msource/vendor/titillium-web/fonts/anMUvcNT0H1YN4FII8wpr9INifKjd1RJ3NxxEi9Cy2w.woff2\u001b[39m","time":"2016-05-16T03:14:15.359Z","v":0}
{"name":"hexo","hostname":"OptiPlex","pid":8411,"level":20,"msg":"Processed: \u001b[35msource/vendor/titillium-web/fonts/anMUvcNT0H1YN4FII8wpr_SNRT0fZ5CX-AqRkMYgJJo.woff2\u001b[39m","time":"2016-05-16T03:14:15.360Z","v":0}
{"name":"hexo","hostname":"OptiPlex","pid":8411,"level":20,"msg":"Processed: \u001b[35msource/vendor/font-awesome/fonts/FontAwesome.otf\u001b[39m","time":"2016-05-16T03:14:15.365Z","v":0}
{"name":"hexo","hostname":"OptiPlex","pid":8411,"level":20,"msg":"Processed: \u001b[35msource/vendor/font-awesome/fonts/fontawesome-webfont.eot\u001b[39m","time":"2016-05-16T03:14:15.368Z","v":0}
{"name":"hexo","hostname":"OptiPlex","pid":8411,"level":20,"msg":"Processed: \u001b[35msource/vendor/font-awesome/fonts/fontawesome-webfont.woff\u001b[39m","time":"2016-05-16T03:14:15.370Z","v":0}
{"name":"hexo","hostname":"OptiPlex","pid":8411,"level":20,"msg":"Processed: \u001b[35msource/vendor/jquery/2.0.3/jquery.min.js\u001b[39m","time":"2016-05-16T03:14:15.371Z","v":0}
{"name":"hexo","hostname":"OptiPlex","pid":8411,"level":20,"msg":"Processed: \u001b[35mlayout/common/post/category.ejs\u001b[39m","time":"2016-05-16T03:14:15.379Z","v":0}
{"name":"hexo","hostname":"OptiPlex","pid":8411,"level":20,"msg":"Processed: \u001b[35mlayout/common/post/date.ejs\u001b[39m","time":"2016-05-16T03:14:15.380Z","v":0}
{"name":"hexo","hostname":"OptiPlex","pid":8411,"level":20,"msg":"Processed: \u001b[35mlayout/common/post/nav.ejs\u001b[39m","time":"2016-05-16T03:14:15.380Z","v":0}
{"name":"hexo","hostname":"OptiPlex","pid":8411,"level":20,"msg":"Processed: \u001b[35mlayout/common/post/tag.ejs\u001b[39m","time":"2016-05-16T03:14:15.380Z","v":0}
{"name":"hexo","hostname":"OptiPlex","pid":8411,"level":20,"msg":"Processed: \u001b[35mlayout/common/post/title.ejs\u001b[39m","time":"2016-05-16T03:14:15.380Z","v":0}
{"name":"hexo","hostname":"OptiPlex","pid":8411,"level":20,"msg":"Processed: \u001b[35msource/vendor/font-awesome/fonts/fontawesome-webfont.ttf\u001b[39m","time":"2016-05-16T03:14:15.381Z","v":0}
{"name":"hexo","hostname":"OptiPlex","pid":8411,"level":20,"msg":"Processed: \u001b[35msource/vendor/font-awesome/fonts/fontawesome-webfont.svg\u001b[39m","time":"2016-05-16T03:14:15.387Z","v":0}
{"name":"hexo","hostname":"OptiPlex","pid":8411,"level":20,"msg":"Generator: \u001b[35mpage\u001b[39m","time":"2016-05-16T03:14:15.629Z","v":0}
{"name":"hexo","hostname":"OptiPlex","pid":8411,"level":20,"msg":"Generator: \u001b[35mpost\u001b[39m","time":"2016-05-16T03:14:15.629Z","v":0}
{"name":"hexo","hostname":"OptiPlex","pid":8411,"level":20,"msg":"Generator: \u001b[35marchive\u001b[39m","time":"2016-05-16T03:14:15.629Z","v":0}
{"name":"hexo","hostname":"OptiPlex","pid":8411,"level":20,"msg":"Generator: \u001b[35mcategory\u001b[39m","time":"2016-05-16T03:14:15.630Z","v":0}
{"name":"hexo","hostname":"OptiPlex","pid":8411,"level":20,"msg":"Generator: \u001b[35mindex\u001b[39m","time":"2016-05-16T03:14:15.630Z","v":0}
{"name":"hexo","hostname":"OptiPlex","pid":8411,"level":20,"msg":"Generator: \u001b[35mjson-content\u001b[39m","time":"2016-05-16T03:14:15.630Z","v":0}
{"name":"hexo","hostname":"OptiPlex","pid":8411,"level":20,"msg":"Generator: \u001b[35mtag\u001b[39m","time":"2016-05-16T03:14:15.631Z","v":0}
{"name":"hexo","hostname":"OptiPlex","pid":8411,"level":20,"msg":"Generator: \u001b[35masset\u001b[39m","time":"2016-05-16T03:14:15.634Z","v":0}
{"name":"hexo","hostname":"OptiPlex","pid":8411,"level":30,"msg":"Hexo is running at \u001b[4mhttp://localhost:4000/\u001b[24m. Press Ctrl+C to stop.","time":"2016-05-16T03:14:15.656Z","v":0}
{"name":"hexo","hostname":"OptiPlex","pid":8411,"level":20,"msg":"Database saved","time":"2016-05-16T03:14:15.697Z","v":0}
{"name":"hexo","hostname":"OptiPlex","pid":8411,"level":20,"msg":"Rendering post: \u001b[35mlinux/fzmp/index.html\u001b[39m","time":"2016-05-16T03:14:17.410Z","v":0}
{"name":"hexo","hostname":"OptiPlex","pid":8411,"level":20,"msg":"Processed: \u001b[35msource/css/style.styl\u001b[39m","time":"2016-05-16T03:14:29.357Z","v":0}
{"name":"hexo","hostname":"OptiPlex","pid":8411,"level":20,"msg":"Generator: \u001b[35mpage\u001b[39m","time":"2016-05-16T03:14:29.516Z","v":0}
{"name":"hexo","hostname":"OptiPlex","pid":8411,"level":20,"msg":"Generator: \u001b[35mpost\u001b[39m","time":"2016-05-16T03:14:29.517Z","v":0}
{"name":"hexo","hostname":"OptiPlex","pid":8411,"level":20,"msg":"Generator: \u001b[35marchive\u001b[39m","time":"2016-05-16T03:14:29.517Z","v":0}
{"name":"hexo","hostname":"OptiPlex","pid":8411,"level":20,"msg":"Generator: \u001b[35mcategory\u001b[39m","time":"2016-05-16T03:14:29.517Z","v":0}
{"name":"hexo","hostname":"OptiPlex","pid":8411,"level":20,"msg":"Generator: \u001b[35mindex\u001b[39m","time":"2016-05-16T03:14:29.518Z","v":0}
{"name":"hexo","hostname":"OptiPlex","pid":8411,"level":20,"msg":"Generator: \u001b[35mjson-content\u001b[39m","time":"2016-05-16T03:14:29.518Z","v":0}
{"name":"hexo","hostname":"OptiPlex","pid":8411,"level":20,"msg":"Generator: \u001b[35mtag\u001b[39m","time":"2016-05-16T03:14:29.518Z","v":0}
{"name":"hexo","hostname":"OptiPlex","pid":8411,"level":20,"msg":"Generator: \u001b[35masset\u001b[39m","time":"2016-05-16T03:14:29.522Z","v":0}
{"name":"hexo","hostname":"OptiPlex","pid":8411,"level":20,"msg":"Processed: \u001b[35msource/css/style.styl\u001b[39m","time":"2016-05-16T03:14:29.538Z","v":0}
{"name":"hexo","hostname":"OptiPlex","pid":8411,"level":20,"msg":"Generator: \u001b[35mpage\u001b[39m","time":"2016-05-16T03:14:29.679Z","v":0}
{"name":"hexo","hostname":"OptiPlex","pid":8411,"level":20,"msg":"Generator: \u001b[35mpost\u001b[39m","time":"2016-05-16T03:14:29.679Z","v":0}
{"name":"hexo","hostname":"OptiPlex","pid":8411,"level":20,"msg":"Generator: \u001b[35marchive\u001b[39m","time":"2016-05-16T03:14:29.680Z","v":0}
{"name":"hexo","hostname":"OptiPlex","pid":8411,"level":20,"msg":"Generator: \u001b[35mcategory\u001b[39m","time":"2016-05-16T03:14:29.681Z","v":0}
{"name":"hexo","hostname":"OptiPlex","pid":8411,"level":20,"msg":"Generator: \u001b[35mindex\u001b[39m","time":"2016-05-16T03:14:29.682Z","v":0}
{"name":"hexo","hostname":"OptiPlex","pid":8411,"level":20,"msg":"Generator: \u001b[35mjson-content\u001b[39m","time":"2016-05-16T03:14:29.682Z","v":0}
{"name":"hexo","hostname":"OptiPlex","pid":8411,"level":20,"msg":"Generator: \u001b[35mtag\u001b[39m","time":"2016-05-16T03:14:29.683Z","v":0}
{"name":"hexo","hostname":"OptiPlex","pid":8411,"level":20,"msg":"Generator: \u001b[35masset\u001b[39m","time":"2016-05-16T03:14:29.686Z","v":0}
{"name":"hexo","hostname":"OptiPlex","pid":8411,"level":20,"msg":"Rendering post: \u001b[35mlinux/fzmp/index.html\u001b[39m","time":"2016-05-16T03:14:32.653Z","v":0}
{"name":"hexo","hostname":"OptiPlex","pid":8411,"level":20,"msg":"Processed: \u001b[35msource/css/style.styl\u001b[39m","time":"2016-05-16T03:15:01.369Z","v":0}
{"name":"hexo","hostname":"OptiPlex","pid":8411,"level":20,"msg":"Generator: \u001b[35mpage\u001b[39m","time":"2016-05-16T03:15:01.494Z","v":0}
{"name":"hexo","hostname":"OptiPlex","pid":8411,"level":20,"msg":"Generator: \u001b[35mpost\u001b[39m","time":"2016-05-16T03:15:01.494Z","v":0}
{"name":"hexo","hostname":"OptiPlex","pid":8411,"level":20,"msg":"Generator: \u001b[35marchive\u001b[39m","time":"2016-05-16T03:15:01.494Z","v":0}
{"name":"hexo","hostname":"OptiPlex","pid":8411,"level":20,"msg":"Generator: \u001b[35mcategory\u001b[39m","time":"2016-05-16T03:15:01.496Z","v":0}
{"name":"hexo","hostname":"OptiPlex","pid":8411,"level":20,"msg":"Generator: \u001b[35mindex\u001b[39m","time":"2016-05-16T03:15:01.496Z","v":0}
{"name":"hexo","hostname":"OptiPlex","pid":8411,"level":20,"msg":"Generator: \u001b[35mjson-content\u001b[39m","time":"2016-05-16T03:15:01.500Z","v":0}
{"name":"hexo","hostname":"OptiPlex","pid":8411,"level":20,"msg":"Generator: \u001b[35mtag\u001b[39m","time":"2016-05-16T03:15:01.500Z","v":0}
{"name":"hexo","hostname":"OptiPlex","pid":8411,"level":20,"msg":"Generator: \u001b[35masset\u001b[39m","time":"2016-05-16T03:15:01.505Z","v":0}
{"name":"hexo","hostname":"OptiPlex","pid":8411,"level":20,"msg":"Processed: \u001b[35msource/css/style.styl\u001b[39m","time":"2016-05-16T03:15:01.787Z","v":0}
{"name":"hexo","hostname":"OptiPlex","pid":8411,"level":20,"msg":"Generator: \u001b[35mpage\u001b[39m","time":"2016-05-16T03:15:01.925Z","v":0}
{"name":"hexo","hostname":"OptiPlex","pid":8411,"level":20,"msg":"Generator: \u001b[35mpost\u001b[39m","time":"2016-05-16T03:15:01.925Z","v":0}
{"name":"hexo","hostname":"OptiPlex","pid":8411,"level":20,"msg":"Generator: \u001b[35marchive\u001b[39m","time":"2016-05-16T03:15:01.926Z","v":0}
{"name":"hexo","hostname":"OptiPlex","pid":8411,"level":20,"msg":"Generator: \u001b[35mcategory\u001b[39m","time":"2016-05-16T03:15:01.926Z","v":0}
{"name":"hexo","hostname":"OptiPlex","pid":8411,"level":20,"msg":"Generator: \u001b[35mindex\u001b[39m","time":"2016-05-16T03:15:01.926Z","v":0}
{"name":"hexo","hostname":"OptiPlex","pid":8411,"level":20,"msg":"Generator: \u001b[35mjson-content\u001b[39m","time":"2016-05-16T03:15:01.926Z","v":0}
{"name":"hexo","hostname":"OptiPlex","pid":8411,"level":20,"msg":"Generator: \u001b[35mtag\u001b[39m","time":"2016-05-16T03:15:01.926Z","v":0}
{"name":"hexo","hostname":"OptiPlex","pid":8411,"level":20,"msg":"Generator: \u001b[35masset\u001b[39m","time":"2016-05-16T03:15:01.927Z","v":0}
{"name":"hexo","hostname":"OptiPlex","pid":8411,"level":20,"msg":"Rendering post: \u001b[35mlinux/fzmp/index.html\u001b[39m","time":"2016-05-16T03:15:03.930Z","v":0}
{"name":"hexo","hostname":"OptiPlex","pid":8411,"level":20,"msg":"Processed: \u001b[35msource/css/style.styl\u001b[39m","time":"2016-05-16T03:15:16.375Z","v":0}
{"name":"hexo","hostname":"OptiPlex","pid":8411,"level":20,"msg":"Generator: \u001b[35mpage\u001b[39m","time":"2016-05-16T03:15:16.510Z","v":0}
{"name":"hexo","hostname":"OptiPlex","pid":8411,"level":20,"msg":"Generator: \u001b[35mpost\u001b[39m","time":"2016-05-16T03:15:16.511Z","v":0}
{"name":"hexo","hostname":"OptiPlex","pid":8411,"level":20,"msg":"Generator: \u001b[35marchive\u001b[39m","time":"2016-05-16T03:15:16.512Z","v":0}
{"name":"hexo","hostname":"OptiPlex","pid":8411,"level":20,"msg":"Generator: \u001b[35mcategory\u001b[39m","time":"2016-05-16T03:15:16.512Z","v":0}
{"name":"hexo","hostname":"OptiPlex","pid":8411,"level":20,"msg":"Generator: \u001b[35mindex\u001b[39m","time":"2016-05-16T03:15:16.513Z","v":0}
{"name":"hexo","hostname":"OptiPlex","pid":8411,"level":20,"msg":"Generator: \u001b[35mjson-content\u001b[39m","time":"2016-05-16T03:15:16.514Z","v":0}
{"name":"hexo","hostname":"OptiPlex","pid":8411,"level":20,"msg":"Generator: \u001b[35mtag\u001b[39m","time":"2016-05-16T03:15:16.515Z","v":0}
{"name":"hexo","hostname":"OptiPlex","pid":8411,"level":20,"msg":"Generator: \u001b[35masset\u001b[39m","time":"2016-05-16T03:15:16.516Z","v":0}
{"name":"hexo","hostname":"OptiPlex","pid":8411,"level":20,"msg":"Processed: \u001b[35msource/css/style.styl\u001b[39m","time":"2016-05-16T03:15:16.775Z","v":0}
{"name":"hexo","hostname":"OptiPlex","pid":8411,"level":20,"msg":"Generator: \u001b[35mpage\u001b[39m","time":"2016-05-16T03:15:16.920Z","v":0}
{"name":"hexo","hostname":"OptiPlex","pid":8411,"level":20,"msg":"Generator: \u001b[35mpost\u001b[39m","time":"2016-05-16T03:15:16.921Z","v":0}
{"name":"hexo","hostname":"OptiPlex","pid":8411,"level":20,"msg":"Generator: \u001b[35marchive\u001b[39m","time":"2016-05-16T03:15:16.922Z","v":0}
{"name":"hexo","hostname":"OptiPlex","pid":8411,"level":20,"msg":"Generator: \u001b[35mcategory\u001b[39m","time":"2016-05-16T03:15:16.923Z","v":0}
{"name":"hexo","hostname":"OptiPlex","pid":8411,"level":20,"msg":"Generator: \u001b[35mindex\u001b[39m","time":"2016-05-16T03:15:16.924Z","v":0}
{"name":"hexo","hostname":"OptiPlex","pid":8411,"level":20,"msg":"Generator: \u001b[35mjson-content\u001b[39m","time":"2016-05-16T03:15:16.925Z","v":0}
{"name":"hexo","hostname":"OptiPlex","pid":8411,"level":20,"msg":"Generator: \u001b[35mtag\u001b[39m","time":"2016-05-16T03:15:16.926Z","v":0}
{"name":"hexo","hostname":"OptiPlex","pid":8411,"level":20,"msg":"Generator: \u001b[35masset\u001b[39m","time":"2016-05-16T03:15:16.927Z","v":0}
{"name":"hexo","hostname":"OptiPlex","pid":8411,"level":20,"msg":"Rendering post: \u001b[35mlinux/fzmp/index.html\u001b[39m","time":"2016-05-16T03:15:19.077Z","v":0}
{"name":"hexo","hostname":"OptiPlex","pid":8411,"level":20,"msg":"Processed: \u001b[35msource/css/style.styl\u001b[39m","time":"2016-05-16T03:15:30.632Z","v":0}
{"name":"hexo","hostname":"OptiPlex","pid":8411,"level":20,"msg":"Generator: \u001b[35mpage\u001b[39m","time":"2016-05-16T03:15:30.781Z","v":0}
{"name":"hexo","hostname":"OptiPlex","pid":8411,"level":20,"msg":"Generator: \u001b[35mpost\u001b[39m","time":"2016-05-16T03:15:30.782Z","v":0}
{"name":"hexo","hostname":"OptiPlex","pid":8411,"level":20,"msg":"Generator: \u001b[35marchive\u001b[39m","time":"2016-05-16T03:15:30.782Z","v":0}
{"name":"hexo","hostname":"OptiPlex","pid":8411,"level":20,"msg":"Generator: \u001b[35mcategory\u001b[39m","time":"2016-05-16T03:15:30.783Z","v":0}
{"name":"hexo","hostname":"OptiPlex","pid":8411,"level":20,"msg":"Generator: \u001b[35mindex\u001b[39m","time":"2016-05-16T03:15:30.783Z","v":0}
{"name":"hexo","hostname":"OptiPlex","pid":8411,"level":20,"msg":"Generator: \u001b[35mjson-content\u001b[39m","time":"2016-05-16T03:15:30.784Z","v":0}
{"name":"hexo","hostname":"OptiPlex","pid":8411,"level":20,"msg":"Generator: \u001b[35mtag\u001b[39m","time":"2016-05-16T03:15:30.785Z","v":0}
{"name":"hexo","hostname":"OptiPlex","pid":8411,"level":20,"msg":"Generator: \u001b[35masset\u001b[39m","time":"2016-05-16T03:15:30.788Z","v":0}
{"name":"hexo","hostname":"OptiPlex","pid":8411,"level":20,"msg":"Processed: \u001b[35msource/css/style.styl\u001b[39m","time":"2016-05-16T03:15:31.044Z","v":0}
{"name":"hexo","hostname":"OptiPlex","pid":8411,"level":20,"msg":"Generator: \u001b[35mpage\u001b[39m","time":"2016-05-16T03:15:31.180Z","v":0}
{"name":"hexo","hostname":"OptiPlex","pid":8411,"level":20,"msg":"Generator: \u001b[35mpost\u001b[39m","time":"2016-05-16T03:15:31.180Z","v":0}
{"name":"hexo","hostname":"OptiPlex","pid":8411,"level":20,"msg":"Generator: \u001b[35marchive\u001b[39m","time":"2016-05-16T03:15:31.180Z","v":0}
{"name":"hexo","hostname":"OptiPlex","pid":8411,"level":20,"msg":"Generator: \u001b[35mcategory\u001b[39m","time":"2016-05-16T03:15:31.180Z","v":0}
{"name":"hexo","hostname":"OptiPlex","pid":8411,"level":20,"msg":"Generator: \u001b[35mindex\u001b[39m","time":"2016-05-16T03:15:31.181Z","v":0}
{"name":"hexo","hostname":"OptiPlex","pid":8411,"level":20,"msg":"Generator: \u001b[35mjson-content\u001b[39m","time":"2016-05-16T03:15:31.181Z","v":0}
{"name":"hexo","hostname":"OptiPlex","pid":8411,"level":20,"msg":"Generator: \u001b[35mtag\u001b[39m","time":"2016-05-16T03:15:31.181Z","v":0}
{"name":"hexo","hostname":"OptiPlex","pid":8411,"level":20,"msg":"Generator: \u001b[35masset\u001b[39m","time":"2016-05-16T03:15:31.184Z","v":0}
{"name":"hexo","hostname":"OptiPlex","pid":8411,"level":20,"msg":"Rendering post: \u001b[35mlinux/fzmp/index.html\u001b[39m","time":"2016-05-16T03:15:32.589Z","v":0}
{"name":"hexo","hostname":"OptiPlex","pid":8411,"level":20,"msg":"Processed: \u001b[35msource/css/style.styl\u001b[39m","time":"2016-05-16T03:16:16.351Z","v":0}
{"name":"hexo","hostname":"OptiPlex","pid":8411,"level":20,"msg":"Processed: \u001b[35msource/css/style.styl\u001b[39m","time":"2016-05-16T03:16:16.468Z","v":0}
{"name":"hexo","hostname":"OptiPlex","pid":8411,"level":20,"msg":"Generator: \u001b[35mpage\u001b[39m","time":"2016-05-16T03:16:16.602Z","v":0}
{"name":"hexo","hostname":"OptiPlex","pid":8411,"level":20,"msg":"Generator: \u001b[35mpost\u001b[39m","time":"2016-05-16T03:16:16.602Z","v":0}
{"name":"hexo","hostname":"OptiPlex","pid":8411,"level":20,"msg":"Generator: \u001b[35marchive\u001b[39m","time":"2016-05-16T03:16:16.603Z","v":0}
{"name":"hexo","hostname":"OptiPlex","pid":8411,"level":20,"msg":"Generator: \u001b[35mcategory\u001b[39m","time":"2016-05-16T03:16:16.603Z","v":0}
{"name":"hexo","hostname":"OptiPlex","pid":8411,"level":20,"msg":"Generator: \u001b[35mindex\u001b[39m","time":"2016-05-16T03:16:16.603Z","v":0}
{"name":"hexo","hostname":"OptiPlex","pid":8411,"level":20,"msg":"Generator: \u001b[35mjson-content\u001b[39m","time":"2016-05-16T03:16:16.603Z","v":0}
{"name":"hexo","hostname":"OptiPlex","pid":8411,"level":20,"msg":"Generator: \u001b[35mtag\u001b[39m","time":"2016-05-16T03:16:16.603Z","v":0}
{"name":"hexo","hostname":"OptiPlex","pid":8411,"level":20,"msg":"Generator: \u001b[35masset\u001b[39m","time":"2016-05-16T03:16:16.604Z","v":0}
{"name":"hexo","hostname":"OptiPlex","pid":8411,"level":20,"msg":"Rendering post: \u001b[35mlinux/fzmp/index.html\u001b[39m","time":"2016-05-16T03:16:17.606Z","v":0}
{"name":"hexo","hostname":"OptiPlex","pid":8411,"level":20,"msg":"Rendering category: \u001b[35mcategories/linux/index.html\u001b[39m","time":"2016-05-16T03:16:26.862Z","v":0}
{"name":"hexo","hostname":"OptiPlex","pid":8411,"level":20,"msg":"Rendering post: \u001b[35mlinux/vimrc-guide/index.html\u001b[39m","time":"2016-05-16T03:16:31.794Z","v":0}
{"name":"hexo","hostname":"OptiPlex","pid":8411,"level":30,"msg":"See you again","time":"2016-05-16T03:16:52.461Z","v":0}
{"name":"hexo","hostname":"OptiPlex","pid":8411,"level":20,"msg":"Database saved","time":"2016-05-16T03:16:52.489Z","v":0}
